============================= test session starts =============================
platform win32 -- Python 3.14.6, pytest-9.1.1, pluggy-1.6.0
rootdir: G:\My Drive\Claude Cowork\sie-mcp
configfile: pyproject.toml
plugins: anyio-4.14.0
collected 198 items

tests\test_mcp_lasande_bredd.py ...........F............................ [ 20%]
.F......................................F.............................F. [ 56%]
...........                                                              [ 62%]
tests\test_mcp_villkorssparr.py ......F................................. [ 82%]
..................                                                       [ 91%]
tests\test_sie4_utbyte.py ...........F.F...                              [100%]

================================== FAILURES ===================================
_______ test_varje_verktygssvar_bar_sakerhetsnot[spiris_hamta_underlag] _______

namn = 'spiris_hamta_underlag'

    @pytest.mark.parametrize("namn", sorted(ALLA_SPIRISVERKTYG))
    def test_varje_verktygssvar_bar_sakerhetsnot(namn):
        """Injektionsvarningen är MCP-serverns enda kanal till klientmodellen — den
        kan inte sätta systemprompt. Saknas den i ett svar är det svaret oskyddat."""
>       svar = asyncio.run(ALLA_SPIRISVERKTYG[namn]())
                           ^^^^^^^^^^^^^^^^^^^^^^^^^^

G:\My Drive\Claude Cowork\sie-mcp\tests\test_mcp_lasande_bredd.py:301: 
_ _ _ _ _ _ _ _ _ _ _ _ _ _ _ _ _ _ _ _ _ _ _ _ _ _ _ _ _ _ _ _ _ _ _ _ _ _ _ _

>       "spiris_hamta_underlag": lambda: spiris_hamta_underlag("123"),
                                         ^^^^^^^^^^^^^^^^^^^^^
    }
E   NameError: name 'spiris_hamta_underlag' is not defined

G:\My Drive\Claude Cowork\sie-mcp\tests\test_mcp_lasande_bredd.py:281: NameError
__________ test_varje_verktygssvar_bar_sakerhetsnot[spiris_underlag] __________

namn = 'spiris_underlag'

    @pytest.mark.parametrize("namn", sorted(ALLA_SPIRISVERKTYG))
    def test_varje_verktygssvar_bar_sakerhetsnot(namn):
        """Injektionsvarningen är MCP-serverns enda kanal till klientmodellen — den
        kan inte sätta systemprompt. Saknas den i ett svar är det svaret oskyddat."""
>       svar = asyncio.run(ALLA_SPIRISVERKTYG[namn]())
                           ^^^^^^^^^^^^^^^^^^^^^^^^^^

G:\My Drive\Claude Cowork\sie-mcp\tests\test_mcp_lasande_bredd.py:301: 
_ _ _ _ _ _ _ _ _ _ _ _ _ _ _ _ _ _ _ _ _ _ _ _ _ _ _ _ _ _ _ _ _ _ _ _ _ _ _ _

>       "spiris_underlag": lambda: spiris_underlag(),
                                   ^^^^^^^^^^^^^^^
        "spiris_hamta_underlag": lambda: spiris_hamta_underlag("123"),
    }
E   NameError: name 'spiris_underlag' is not defined

G:\My Drive\Claude Cowork\sie-mcp\tests\test_mcp_lasande_bredd.py:280: NameError
_ test_fel_i_spiris_ger_strukturerat_svar_inte_undantag[spiris_hamta_underlag] _

namn = 'spiris_hamta_underlag'
monkeypatch = <_pytest.monkeypatch.MonkeyPatch object at 0x000001458A9A3540>

    @pytest.mark.parametrize("namn", sorted(ALLA_SPIRISVERKTYG))
    def test_fel_i_spiris_ger_strukturerat_svar_inte_undantag(namn, monkeypatch):
        def _kraschar(*a, **k):
            raise RuntimeError("Spiris svarade 500: <rå text som inte får läcka>")
    
        monkeypatch.setattr(server_modul, "bygg_klient", lambda: _TrasigKlient())
    
>       svar = asyncio.run(ALLA_SPIRISVERKTYG[namn]())
                           ^^^^^^^^^^^^^^^^^^^^^^^^^^

G:\My Drive\Claude Cowork\sie-mcp\tests\test_mcp_lasande_bredd.py:551: 
_ _ _ _ _ _ _ _ _ _ _ _ _ _ _ _ _ _ _ _ _ _ _ _ _ _ _ _ _ _ _ _ _ _ _ _ _ _ _ _

>       "spiris_hamta_underlag": lambda: spiris_hamta_underlag("123"),
                                         ^^^^^^^^^^^^^^^^^^^^^
    }
E   NameError: name 'spiris_hamta_underlag' is not defined

G:\My Drive\Claude Cowork\sie-mcp\tests\test_mcp_lasande_bredd.py:281: NameError
___ test_fel_i_spiris_ger_strukturerat_svar_inte_undantag[spiris_underlag] ____

namn = 'spiris_underlag'
monkeypatch = <_pytest.monkeypatch.MonkeyPatch object at 0x000001458A9A3BD0>

    @pytest.mark.parametrize("namn", sorted(ALLA_SPIRISVERKTYG))
    def test_fel_i_spiris_ger_strukturerat_svar_inte_undantag(namn, monkeypatch):
        def _kraschar(*a, **k):
            raise RuntimeError("Spiris svarade 500: <rå text som inte får läcka>")
    
        monkeypatch.setattr(server_modul, "bygg_klient", lambda: _TrasigKlient())
    
>       svar = asyncio.run(ALLA_SPIRISVERKTYG[namn]())
                           ^^^^^^^^^^^^^^^^^^^^^^^^^^

G:\My Drive\Claude Cowork\sie-mcp\tests\test_mcp_lasande_bredd.py:551: 
_ _ _ _ _ _ _ _ _ _ _ _ _ _ _ _ _ _ _ _ _ _ _ _ _ _ _ _ _ _ _ _ _ _ _ _ _ _ _ _

>       "spiris_underlag": lambda: spiris_underlag(),
                                   ^^^^^^^^^^^^^^^
        "spiris_hamta_underlag": lambda: spiris_hamta_underlag("123"),
    }
E   NameError: name 'spiris_underlag' is not defined

G:\My Drive\Claude Cowork\sie-mcp\tests\test_mcp_lasande_bredd.py:280: NameError
______________ test_alla_registrerade_verktyg_har_ett_sparrtest _______________

    def test_alla_registrerade_verktyg_har_ett_sparrtest():
        """Metatest över HELA registret, inte bara Spiris-verktygen.
    
        `visa_anvandarvillkor` är det enda undantaget — det måste vara anropbart i
        spärrat läge, annars kan användaren inte få veta hur hon godkänner."""
        registrerade = {t.name for t in asyncio.run(server_modul.mcp.list_tools())}
        # Fas 6-aliaser: rena en-rads-delegerare till spiris_*-verktygen. Täcks
        # implicit av respektive spiris_*-test ovan — behöver inga egna sparrtester.
        alias_verktyg = {
            "kontosaldon", "kontotransaktioner", "sok_verifikationer",
            "resultatrapport", "balansrapport", "rakenskapsar", "kontoplan",
            "foretagsinfo", "artiklar", "leverantorsfakturor", "order",
            "offerter", "bankkonton", "momskoder", "momsrapporter",
            "momsoversikt", "kassaflodesanalys", "dashboard", "verifikatutkast",
            "leverantorsreskontra", "kundreskontra", "kundbetalbeteende",
            "likviditetsprognos", "kunder", "leverantorer", "projekt",
            "kostnadsstallen", "kontosaldo", "referensdata", "bankhandelser",
            "avstamningslage",
            "hamta_ett", "ingaende_balans", "kontoplan_alla", "kundfakturor", "verifikationer_alla", "valutakurs", "anlaggningstillgangar", "kundreskontraposter", "anvandare", "periodiseringar"}
        tackta = (
            set(SPIRIS_ARGUMENT)
            | {"berakna_vasentlighet", "granska_kontotyper"}
            | {"forbered_kund", "forbered_kundfaktura", "forbered_verifikat",
               "kontrollera_utkast"}
            | {"forbered_fakturautskick", "forbered_betalningspaminnelse",
               "forbered_betalningsregistrering", "forbered_makulering"}
            | {"forbered_saljdokumentutskick", "forbered_efakturautskick",
               "forbered_saljdokumentatgard"}
            | {"sok_lagstiftning", "skatteverket_rattslig_vagledning"}
            | {"forbered_leverantorsfakturautkast", "forbered_attest",
               "forbered_leverantorsbetalning"}
            | {"forbered_masterdataandring", "forbered_masterdataborttagning"}
            | {"forbered_utkastandring", "forbered_utkastborttagning", "forbered_utkastbokforing"}
            | {"forbered_periodisering"}
            | {"forbered_sie4import"}
            | {"visa_anvandarvillkor"}
            | alias_verktyg
        )
        saknas = registrerade - tackta
>       assert not saknas, f"verktyg utan spärrtest: {sorted(saknas)}"
E       AssertionError: verktyg utan spärrtest: ['forbered_underlagskoppling']
E       assert not {'forbered_underlagskoppling'}

tests\test_mcp_villkorssparr.py:324: AssertionError
______ TestImportvagen.test_filen_lases_vid_utforandet_inte_ur_utkastet _______

self = <test_sie4_utbyte.TestImportvagen object at 0x000001458A90C7D0>
tmp_path = WindowsPath('C:/Users/stefa/AppData/Local/Temp/pytest-of-stefa/pytest-611/test_filen_lases_vid_utforande0')

    def test_filen_lases_vid_utforandet_inte_ur_utkastet(self, tmp_path):
        """Utkastet bär bara SÖKVÄGEN och de granskade flaggorna. Innehållet
        har aldrig passerat en AI, och hashen binder användarens beslut
        (vilken fil, vilka flaggor) — inte filens bytes."""
        from spiris_adapter import utfor_utkast
    
        fil = tmp_path / "bok.se"
        fil.write_bytes(_SIE_INNEHALL)
    
        class _Fangare:
            def __init__(self):
                self.skickat = []
    
            def skicka(self, path, data):
                self.skickat.append((path, data))
                return {"Id": "import-1"}
    
        klient = _Fangare()
>       utfor_utkast(klient, "sie4import", {"sokvag": str(fil)})

tests\test_sie4_utbyte.py:223: 
_ _ _ _ _ _ _ _ _ _ _ _ _ _ _ _ _ _ _ _ _ _ _ _ _ _ _ _ _ _ _ _ _ _ _ _ _ _ _ _

klient = <test_sie4_utbyte.TestImportvagen.test_filen_lases_vid_utforandet_inte_ur_utkastet.<locals>._Fangare object at 0x000001458A940D70>
typ = 'sie4import'
nyttolast = {'sokvag': 'C:\\Users\\stefa\\AppData\\Local\\Temp\\pytest-of-stefa\\pytest-611\\test_filen_lases_vid_utforande0\\bok.se'}
mal = 'utkast', granskad_mottagare = None

    def utfor_utkast(
        klient: _Spirisklient, typ: str, nyttolast: dict, mal: str = MAL_UTKAST,
        granskad_mottagare: str | None = None,
    ) -> dict:
        """Utför ett MÄNSKLIGT GODKÄNT utkast mot Spiris.
    
        Enda vägen från ett MCP-föreslaget utkast till en faktisk skrivning. Får
        bara anropas efter `utkast.bekrafta_for_sandning`, som verifierar att
        nyttolasten är oförändrad sedan människan granskade den.
    
        Uppslagning av kund-id och artikel-id sker HÄR, inte när utkastet skapas:
        de är levande Spiris-data och kan ha ändrats sedan förslaget lades. Det som
        hashbindningen skyddar är användarens beslut (vem, vad, hur mycket) — inte
        de tekniska id:n som beslutet översätts till.
    
        `mal` följer SAMMA resonemang och ligger därför medvetet UTANFÖR den
        hashbundna nyttolasten: hashen binder VAD som ska skrivas (konton, belopp,
        datum, mottagare), inte VART det levereras. Människan får därmed välja
        destination vid godkännandet utan att utkastet ogiltigförklaras.
    
        Standard är MAL_UTKAST — en anropare som inte tar ställning får den
        återkalleliga vägen. Se kommentaren ovan.
    
        `granskad_mottagare` KRÄVS för de utåtriktade typerna (UTATRIKTADE_TYPER)
        och ska vara exakt den adress människan såg i godkännandevyn. Standardvärdet
        None är avsiktligt: en anropare som inte tar ställning kan alltså inte
        råka skicka ett mejl — den får ett fel. Se avsnittskommentaren för Steg 5."""
        if mal not in GILTIGA_MAL:
            giltiga = ", ".join(repr(m) for m in GILTIGA_MAL)
            raise SpirisKlientFel(f"Okänt mål: {mal!r}. Giltiga är: {giltiga}.")
    
        # Mottagargrinden. Kontrolleras HÄR, i den gemensamma vägen, så att en ny
        # utåtriktad typ inte kan läggas till utan att omfattas — samma resonemang
        # som villkorsspärren i mcp_server/server.py:_kor_spiris_verktyg.
        if typ in UTATRIKTADE_TYPER and not (granskad_mottagare or "").strip():
            raise SpirisKlientFel(
                f"Åtgärden {typ!r} når en tredje man och kräver en granskad "
                "mottagare. Ingenting skickades."
            )
    
        if typ == UTKASTTYP_FAKTURAUTSKICK:
            granskning = hamta_utskicksgranskning(klient, nyttolast["fakturanummer"])
            return skicka_faktura_epost(
                klient, granskning["faktura_id"], granskad_mottagare or "",
                nyttolast.get("amne") or "", nyttolast.get("meddelande") or "",
            )
    
        if typ == UTKASTTYP_BETALNINGSPAMINNELSE:
            granskning = hamta_utskicksgranskning(klient, nyttolast["fakturanummer"])
            avgift = nyttolast.get("drojsmalsavgift")
            return skicka_betalningspaminnelse(
                klient, granskning["faktura_id"], granskad_mottagare or "",
                Decimal(str(avgift)) if avgift is not None else None,
                nyttolast.get("amne") or "", nyttolast.get("meddelande") or "",
            )
    
        if typ == UTKASTTYP_BETALNINGSREGISTRERING:
            granskning = hamta_utskicksgranskning(klient, nyttolast["fakturanummer"])
            payload = bygg_betalningspayload(
                nyttolast["bankkonto_id"],
                nyttolast["betaldatum"],
                Decimal(str(nyttolast["belopp"])),
                granskning["valuta"],
                granskning["kvarvarande"],
                nyttolast.get("referens") or "",
            )
            return registrera_betalning(klient, granskning["faktura_id"], payload)
    
        if typ == UTKASTTYP_MAKULERING:
            granskning = hamta_utskicksgranskning(klient, nyttolast["fakturanummer"])
            return makulera_faktura(klient, granskning["faktura_id"])
    
        if typ == UTKASTTYP_SALJDOKUMENTUTSKICK:
            granskning = hamta_saljdokumentgranskning(
                klient, nyttolast["dokumenttyp"], nyttolast["nummer"]
            )
            return skicka_saljdokument_epost(
                klient, nyttolast["dokumenttyp"], granskning["dokument_id"],
                granskad_mottagare or "",
                nyttolast.get("amne") or "", nyttolast.get("meddelande") or "",
            )
    
        if typ == UTKASTTYP_EFAKTURAUTSKICK:
            granskning = hamta_efakturagranskning(klient, nyttolast["fakturanummer"])
            return skicka_efaktura(klient, granskning["faktura_id"])
    
        if typ == UTKASTTYP_SIE4IMPORT:
            # Filen läses HÄR, vid utförandet — utkastet bär bara sökvägen och de
            # granskade flaggorna. Innehållet har aldrig passerat en AI, och
            # nyttolastens hash binder användarens beslut (vilken fil, vilka
            # flaggor), inte filens bytes.
            sokvag = Path(nyttolast["sokvag"])
            try:
                innehall = sokvag.read_bytes()
            except OSError as e:
                raise SpirisKlientFel(
                    f"Kunde inte läsa SIE4-filen {sokvag.name!r}. "
                    "Ingenting har importerats."
                ) from e
    
>           res = klient.skicka_fil("/sie4import", {
                  ^^^^^^^^^^^^^^^^^
                "OpeningBalance": str(nyttolast.get("ingaende_balans", False)).lower(),
                "YearEndVouchers": str(nyttolast.get("arsavslut", False)).lower(),
            }, innehall, sokvag.name)
E           AttributeError: '_Fangare' object has no attribute 'skicka_fil'

parser\spiris_adapter.py:620: AttributeError
____________ TestImportvagen.test_flaggorna_i_utkastet_foljer_med _____________

self = <test_sie4_utbyte.TestImportvagen object at 0x0000014589E8F490>
tmp_path = WindowsPath('C:/Users/stefa/AppData/Local/Temp/pytest-of-stefa/pytest-611/test_flaggorna_i_utkastet_folj0')

    def test_flaggorna_i_utkastet_foljer_med(self, tmp_path):
        from spiris_adapter import utfor_utkast
    
        fil = tmp_path / "bok.se"
        fil.write_bytes(_SIE_INNEHALL)
    
        class _Fangare:
            def __init__(self):
                self.skickat = []
    
            def skicka(self, path, data):
                self.skickat.append((path, data))
                return {}
    
        klient = _Fangare()
>       utfor_utkast(klient, "sie4import", {
            "sokvag": str(fil), "ingaende_balans": True, "arsavslut": True,
        })

tests\test_sie4_utbyte.py:264: 
_ _ _ _ _ _ _ _ _ _ _ _ _ _ _ _ _ _ _ _ _ _ _ _ _ _ _ _ _ _ _ _ _ _ _ _ _ _ _ _

klient = <test_sie4_utbyte.TestImportvagen.test_flaggorna_i_utkastet_foljer_med.<locals>._Fangare object at 0x000001458A941400>
typ = 'sie4import'
nyttolast = {'sokvag': 'C:\\Users\\stefa\\AppData\\Local\\Temp\\pytest-of-stefa\\pytest-611\\test_flaggorna_i_utkastet_folj0\\bok.se', 'ingaende_balans': True, 'arsavslut': True}
mal = 'utkast', granskad_mottagare = None

    def utfor_utkast(
        klient: _Spirisklient, typ: str, nyttolast: dict, mal: str = MAL_UTKAST,
        granskad_mottagare: str | None = None,
    ) -> dict:
        """Utför ett MÄNSKLIGT GODKÄNT utkast mot Spiris.
    
        Enda vägen från ett MCP-föreslaget utkast till en faktisk skrivning. Får
        bara anropas efter `utkast.bekrafta_for_sandning`, som verifierar att
        nyttolasten är oförändrad sedan människan granskade den.
    
        Uppslagning av kund-id och artikel-id sker HÄR, inte när utkastet skapas:
        de är levande Spiris-data och kan ha ändrats sedan förslaget lades. Det som
        hashbindningen skyddar är användarens beslut (vem, vad, hur mycket) — inte
        de tekniska id:n som beslutet översätts till.
    
        `mal` följer SAMMA resonemang och ligger därför medvetet UTANFÖR den
        hashbundna nyttolasten: hashen binder VAD som ska skrivas (konton, belopp,
        datum, mottagare), inte VART det levereras. Människan får därmed välja
        destination vid godkännandet utan att utkastet ogiltigförklaras.
    
        Standard är MAL_UTKAST — en anropare som inte tar ställning får den
        återkalleliga vägen. Se kommentaren ovan.
    
        `granskad_mottagare` KRÄVS för de utåtriktade typerna (UTATRIKTADE_TYPER)
        och ska vara exakt den adress människan såg i godkännandevyn. Standardvärdet
        None är avsiktligt: en anropare som inte tar ställning kan alltså inte
        råka skicka ett mejl — den får ett fel. Se avsnittskommentaren för Steg 5."""
        if mal not in GILTIGA_MAL:
            giltiga = ", ".join(repr(m) for m in GILTIGA_MAL)
            raise SpirisKlientFel(f"Okänt mål: {mal!r}. Giltiga är: {giltiga}.")
    
        # Mottagargrinden. Kontrolleras HÄR, i den gemensamma vägen, så att en ny
        # utåtriktad typ inte kan läggas till utan att omfattas — samma resonemang
        # som villkorsspärren i mcp_server/server.py:_kor_spiris_verktyg.
        if typ in UTATRIKTADE_TYPER and not (granskad_mottagare or "").strip():
            raise SpirisKlientFel(
                f"Åtgärden {typ!r} når en tredje man och kräver en granskad "
                "mottagare. Ingenting skickades."
            )
    
        if typ == UTKASTTYP_FAKTURAUTSKICK:
            granskning = hamta_utskicksgranskning(klient, nyttolast["fakturanummer"])
            return skicka_faktura_epost(
                klient, granskning["faktura_id"], granskad_mottagare or "",
                nyttolast.get("amne") or "", nyttolast.get("meddelande") or "",
            )
    
        if typ == UTKASTTYP_BETALNINGSPAMINNELSE:
            granskning = hamta_utskicksgranskning(klient, nyttolast["fakturanummer"])
            avgift = nyttolast.get("drojsmalsavgift")
            return skicka_betalningspaminnelse(
                klient, granskning["faktura_id"], granskad_mottagare or "",
                Decimal(str(avgift)) if avgift is not None else None,
                nyttolast.get("amne") or "", nyttolast.get("meddelande") or "",
            )
    
        if typ == UTKASTTYP_BETALNINGSREGISTRERING:
            granskning = hamta_utskicksgranskning(klient, nyttolast["fakturanummer"])
            payload = bygg_betalningspayload(
                nyttolast["bankkonto_id"],
                nyttolast["betaldatum"],
                Decimal(str(nyttolast["belopp"])),
                granskning["valuta"],
                granskning["kvarvarande"],
                nyttolast.get("referens") or "",
            )
            return registrera_betalning(klient, granskning["faktura_id"], payload)
    
        if typ == UTKASTTYP_MAKULERING:
            granskning = hamta_utskicksgranskning(klient, nyttolast["fakturanummer"])
            return makulera_faktura(klient, granskning["faktura_id"])
    
        if typ == UTKASTTYP_SALJDOKUMENTUTSKICK:
            granskning = hamta_saljdokumentgranskning(
                klient, nyttolast["dokumenttyp"], nyttolast["nummer"]
            )
            return skicka_saljdokument_epost(
                klient, nyttolast["dokumenttyp"], granskning["dokument_id"],
                granskad_mottagare or "",
                nyttolast.get("amne") or "", nyttolast.get("meddelande") or "",
            )
    
        if typ == UTKASTTYP_EFAKTURAUTSKICK:
            granskning = hamta_efakturagranskning(klient, nyttolast["fakturanummer"])
            return skicka_efaktura(klient, granskning["faktura_id"])
    
        if typ == UTKASTTYP_SIE4IMPORT:
            # Filen läses HÄR, vid utförandet — utkastet bär bara sökvägen och de
            # granskade flaggorna. Innehållet har aldrig passerat en AI, och
            # nyttolastens hash binder användarens beslut (vilken fil, vilka
            # flaggor), inte filens bytes.
            sokvag = Path(nyttolast["sokvag"])
            try:
                innehall = sokvag.read_bytes()
            except OSError as e:
                raise SpirisKlientFel(
                    f"Kunde inte läsa SIE4-filen {sokvag.name!r}. "
                    "Ingenting har importerats."
                ) from e
    
>           res = klient.skicka_fil("/sie4import", {
                  ^^^^^^^^^^^^^^^^^
                "OpeningBalance": str(nyttolast.get("ingaende_balans", False)).lower(),
                "YearEndVouchers": str(nyttolast.get("arsavslut", False)).lower(),
            }, innehall, sokvag.name)
E           AttributeError: '_Fangare' object has no attribute 'skicka_fil'

parser\spiris_adapter.py:620: AttributeError
=========================== short test summary info ===========================
FAILED tests/test_mcp_lasande_bredd.py::test_varje_verktygssvar_bar_sakerhetsnot[spiris_hamta_underlag]
FAILED tests/test_mcp_lasande_bredd.py::test_varje_verktygssvar_bar_sakerhetsnot[spiris_underlag]
FAILED tests/test_mcp_lasande_bredd.py::test_fel_i_spiris_ger_strukturerat_svar_inte_undantag[spiris_hamta_underlag]
FAILED tests/test_mcp_lasande_bredd.py::test_fel_i_spiris_ger_strukturerat_svar_inte_undantag[spiris_underlag]
FAILED tests/test_mcp_villkorssparr.py::test_alla_registrerade_verktyg_har_ett_sparrtest
FAILED tests/test_sie4_utbyte.py::TestImportvagen::test_filen_lases_vid_utforandet_inte_ur_utkastet
FAILED tests/test_sie4_utbyte.py::TestImportvagen::test_flaggorna_i_utkastet_foljer_med
======================== 7 failed, 191 passed in 6.37s ========================
